[INFO] Scanning for projects...
[INFO] 
[INFO] -----------------------< edu.esi.ds:esientradas >-----------------------
[INFO] Building esientradas 0.0.1-SNAPSHOT
[INFO]   from pom.xml
[INFO] --------------------------------[ war ]---------------------------------
[INFO] 
[INFO] --- resources:3.3.1:resources (default-resources) @ esientradas ---
[INFO] Copying 1 resource from src\main\resources to target\classes
[INFO] Copying 0 resource from src\main\resources to target\classes
[INFO] 
[INFO] --- compiler:3.14.0:compile (default-compile) @ esientradas ---
[INFO] Recompiling the module because of changed source code.
[INFO] Compiling 31 source files with javac [debug parameters release 17] to target\classes
[INFO] -------------------------------------------------------------
[ERROR] COMPILATION ERROR : 
[INFO] -------------------------------------------------------------
[ERROR] /C:/Users/eduga/OneDrive/Documentos/GitHub/GP08-Dise-o-Software/esientradas-master/src/main/java/edu/esi/ds/esientradas/http/ComprasController.java:[26,42] ')' or ',' expected
[ERROR] /C:/Users/eduga/OneDrive/Documentos/GitHub/GP08-Dise-o-Software/esientradas-master/src/main/java/edu/esi/ds/esientradas/model/Token.java:[65,9] class, interface, enum, or record expected
[ERROR] /C:/Users/eduga/OneDrive/Documentos/GitHub/GP08-Dise-o-Software/esientradas-master/src/main/java/edu/esi/ds/esientradas/model/Token.java:[66,5] class, interface, enum, or record expected
[INFO] 3 errors 
[INFO] -------------------------------------------------------------
[INFO] ------------------------------------------------------------------------
[INFO] BUILD FAILURE
[INFO] ------------------------------------------------------------------------
[INFO] Total time:  1.400 s
[INFO] Finished at: 2026-03-31T11:26:34+02:00
[INFO] ------------------------------------------------------------------------
[ERROR] Failed to execute goal org.apache.maven.plugins:maven-compiler-plugin:3.14.0:compile (default-compile) on project esientradas: Compilation failure: Compilation failure: 
[ERROR] /C:/Users/eduga/OneDrive/Documentos/GitHub/GP08-Dise-o-Software/esientradas-master/src/main/java/edu/esi/ds/esientradas/http/ComprasController.java:[26,42] ')' or ',' expected
[ERROR] /C:/Users/eduga/OneDrive/Documentos/GitHub/GP08-Dise-o-Software/esientradas-master/src/main/java/edu/esi/ds/esientradas/model/Token.java:[65,9] class, interface, enum, or record expected
[ERROR] /C:/Users/eduga/OneDrive/Documentos/GitHub/GP08-Dise-o-Software/esientradas-master/src/main/java/edu/esi/ds/esientradas/model/Token.java:[66,5] class, interface, enum, or record expected
[ERROR] -> [Help 1]
[ERROR] 
[ERROR] To see the full stack trace of the errors, re-run Maven with the -e switch.
[ERROR] Re-run Maven using the -X switch to enable full debug logging.
[ERROR] 
[ERROR] For more information about the errors and possible solutions, please read the following articles:
[ERROR] [Help 1] http://cwiki.apache.org/confluence/display/MAVEN/MojoFailureException
